<?xml version="1.0" encoding="UTF-8"?>
<!-- Generated by org.testng.reporters.JUnitXMLReporter -->
<testsuite ignored="1" hostname="FTD-NB-THUSITH" failures="4" tests="8" name="Test" time="1.447" errors="0" timestamp="10 Dec 2018 10:31:11 GMT">
  <testcase classname="com.uiFrameWork.zone92.projectAutomation.testScripts.Test1" name="testLogin" time="0.042"/>
  <testcase classname="com.uiFrameWork.zone92.projectAutomation.testScripts.Test1" name="testLogin1" time="0.007">
    <failure type="java.lang.AssertionError" message="expected [true] but found [false]">
      <![CDATA[java.lang.AssertionError: expected [true] but found [false]
at com.uiFrameWork.zone92.projectAutomation.helper.assertion.AssertionHelper.makeFalse(AssertionHelper.java:29)
at com.uiFrameWork.zone92.projectAutomation.testScripts.Test1.testLogin1(Test1.java:17)
... Removed 29 stack frames]]>
    </failure>
  </testcase> <!-- testLogin1 -->
  <testcase classname="com.uiFrameWork.zone92.projectAutomation.testScripts.Test1" name="testLogin2" time="0.003"/>
  <testcase classname="com.uiFrameWork.zone92.projectAutomation.testScripts.Test1" name="testLogin3" time="0.003">
    <failure type="java.lang.AssertionError" message="expected [true] but found [false]">
      <![CDATA[java.lang.AssertionError: expected [true] but found [false]
at com.uiFrameWork.zone92.projectAutomation.helper.assertion.AssertionHelper.makeFalse(AssertionHelper.java:29)
at com.uiFrameWork.zone92.projectAutomation.testScripts.Test1.testLogin3(Test1.java:27)
... Removed 29 stack frames]]>
    </failure>
  </testcase> <!-- testLogin3 -->
  <testcase classname="com.uiFrameWork.zone92.projectAutomation.testScripts.Test2" name="testLogin" time="0.003"/>
  <testcase classname="com.uiFrameWork.zone92.projectAutomation.testScripts.Test2" name="testLogin1" time="0.01">
    <failure type="java.lang.AssertionError" message="expected [true] but found [false]">
      <![CDATA[java.lang.AssertionError: expected [true] but found [false]
at com.uiFrameWork.zone92.projectAutomation.helper.assertion.AssertionHelper.makeFalse(AssertionHelper.java:29)
at com.uiFrameWork.zone92.projectAutomation.testScripts.Test2.testLogin1(Test2.java:17)
... Removed 29 stack frames]]>
    </failure>
  </testcase> <!-- testLogin1 -->
  <testcase classname="com.uiFrameWork.zone92.projectAutomation.testScripts.Test2" name="testLogin2" time="0.006"/>
  <testcase classname="com.uiFrameWork.zone92.projectAutomation.testScripts.Test2" name="testLogin3" time="0.005">
    <failure type="java.lang.AssertionError" message="expected [true] but found [false]">
      <![CDATA[java.lang.AssertionError: expected [true] but found [false]
at com.uiFrameWork.zone92.projectAutomation.helper.assertion.AssertionHelper.makeFalse(AssertionHelper.java:29)
at com.uiFrameWork.zone92.projectAutomation.testScripts.Test2.testLogin3(Test2.java:27)
... Removed 29 stack frames]]>
    </failure>
  </testcase> <!-- testLogin3 -->
  <testcase classname="com.uiFrameWork.zone92.projectAutomation.testBase.TestBase" name="@BeforeSuite beforeSuite" time="0.0">
    <ignored/>
  </testcase> <!-- @BeforeSuite beforeSuite -->
</testsuite> <!-- Test -->
