<?xml version="1.0" encoding="UTF-8"?>
<!-- Generated by org.testng.reporters.JUnitXMLReporter -->
<testsuite ignored="0" hostname="FTD-NB-THUSITH" failures="1" tests="1" name="B" time="0.016" errors="0" timestamp="11 Dec 2018 13:36:30 GMT">
  <testcase classname="com.uiFrameWork.B" name="testLoginB" time="0.003">
    <failure type="java.lang.AssertionError" message="expected [true] but found [false]">
      <![CDATA[java.lang.AssertionError: expected [true] but found [false]
at com.uiFrameWork.B.testLoginB(B.java:17)
... Removed 29 stack frames]]>
    </failure>
  </testcase> <!-- testLoginB -->
</testsuite> <!-- B -->
