<?xml version="1.0" encoding="UTF-8"?>
<!-- Generated by org.testng.reporters.JUnitXMLReporter -->
<testsuite ignored="0" hostname="FTD-NB-THUSITH" failures="0" tests="3" name="ThirdTest" time="0.028" errors="0" timestamp="05 Dec 2018 07:15:58 GMT">
  <testcase classname="com.uiFrameWork.C" name="testLoginC" time="0.003">
    <skipped/>
  </testcase> <!-- testLoginC -->
  <testcase classname="com.uiFrameWork.C" name="testLoginC" time="0.007">
    <skipped/>
  </testcase> <!-- testLoginC -->
  <testcase classname="com.uiFrameWork.C" name="testLoginC" time="0.002"/>
</testsuite> <!-- ThirdTest -->
