<?xml version="1.0" encoding="UTF-8"?>
<!-- Generated by org.testng.reporters.JUnitXMLReporter -->
<testsuite ignored="0" hostname="FTD-NB-THUSITH" failures="1" tests="1" name="ThirdTest" time="0.032" errors="0" timestamp="11 Dec 2018 12:44:35 GMT">
  <testcase classname="com.uiFrameWork.C" name="testLoginC" time="0.003">
    <failure type="java.lang.AssertionError" message="expected [true] but found [false]">
      <![CDATA[java.lang.AssertionError: expected [true] but found [false]
at com.uiFrameWork.C.testLoginC(C.java:16)
... Removed 29 stack frames]]>
    </failure>
  </testcase> <!-- testLoginC -->
</testsuite> <!-- ThirdTest -->
