<?xml version="1.0" encoding="UTF-8"?>
<testng-results ignored="0" total="1" passed="1" failed="0" skipped="0">
  <reporter-output>
    <line>
      <![CDATA[<a href='D:\automationProject\uiFrameWork\src\main\resources\screenShots\fbSCR_11_12_2018_09_20_31.png'><img src='D:\automationProject\uiFrameWork\src\main\resources\screenShots\fbSCR_11_12_2018_09_20_31.png'height='100' width='100'/></a>]]>
    </line>
    <line>
      <![CDATA[<a href='D:\automationProject\uiFrameWork\src\main\resources\screenShots\testScreen_11_12_2018_09_20_32.png'><img src='D:\automationProject\uiFrameWork\src\main\resources\screenShots\testScreen_11_12_2018_09_20_32.png'height='100' width='100'/></a>]]>
    </line>
  </reporter-output>
  <suite started-at="2018-12-11T15:50:22Z" name="Default suite" finished-at="2018-12-11T15:50:34Z" duration-ms="12325">
    <groups>
    </groups>
    <test started-at="2018-12-11T15:50:22Z" name="Default test" finished-at="2018-12-11T15:50:34Z" duration-ms="12325">
      <class name="com.uiFrameWork.zone92.projectAutomation.testScripts.TestScreenShot">
        <test-method is-config="true" signature="beforeSuite()[pri:0, instance:com.uiFrameWork.zone92.projectAutomation.testScripts.TestScreenShot@5d0a1059]" started-at="2018-12-11T15:50:22Z" name="beforeSuite" finished-at="2018-12-11T15:50:22Z" duration-ms="278" status="PASS">
          <reporter-output>
          </reporter-output>
        </test-method> <!-- beforeSuite -->
        <test-method is-config="true" signature="beforeTest()[pri:0, instance:com.uiFrameWork.zone92.projectAutomation.testScripts.TestScreenShot@5d0a1059]" started-at="2018-12-11T15:50:22Z" name="beforeTest" finished-at="2018-12-11T15:50:26Z" duration-ms="4533" status="PASS">
          <reporter-output>
          </reporter-output>
        </test-method> <!-- beforeTest -->
        <test-method is-config="true" signature="beforeClass()[pri:0, instance:com.uiFrameWork.zone92.projectAutomation.testScripts.TestScreenShot@5d0a1059]" started-at="2018-12-11T15:50:26Z" name="beforeClass" finished-at="2018-12-11T15:50:26Z" duration-ms="5" status="PASS">
          <reporter-output>
          </reporter-output>
        </test-method> <!-- beforeClass -->
        <test-method is-config="true" signature="beforeMethod(java.lang.reflect.Method)[pri:0, instance:com.uiFrameWork.zone92.projectAutomation.testScripts.TestScreenShot@5d0a1059]" started-at="2018-12-11T15:50:26Z" name="beforeMethod" finished-at="2018-12-11T15:50:26Z" duration-ms="8" status="PASS">
          <params>
            <param index="0">
              <value>
                <![CDATA[public void com.uiFrameWork.zone92.projectAutomation.testScripts.TestScreenShot.testScreen()]]>
              </value>
            </param>
          </params>
          <reporter-output>
          </reporter-output>
        </test-method> <!-- beforeMethod -->
        <test-method signature="testScreen()[pri:0, instance:com.uiFrameWork.zone92.projectAutomation.testScripts.TestScreenShot@5d0a1059]" started-at="2018-12-11T15:50:26Z" name="testScreen" finished-at="2018-12-11T15:50:32Z" duration-ms="5824" status="PASS">
          <reporter-output>
            <line>
              <![CDATA[<a href='D:\automationProject\uiFrameWork\src\main\resources\screenShots\fbSCR_11_12_2018_09_20_31.png'><img src='D:\automationProject\uiFrameWork\src\main\resources\screenShots\fbSCR_11_12_2018_09_20_31.png'height='100' width='100'/></a>]]>
            </line>
          </reporter-output>
        </test-method> <!-- testScreen -->
        <test-method is-config="true" signature="afterMethod(org.testng.ITestResult)[pri:0, instance:com.uiFrameWork.zone92.projectAutomation.testScripts.TestScreenShot@5d0a1059]" started-at="2018-12-11T15:50:32Z" name="afterMethod" finished-at="2018-12-11T15:50:33Z" duration-ms="778" status="PASS">
          <params>
            <param index="0">
              <value>
                <![CDATA[[TestResult name=testScreen status=SUCCESS method=TestScreenShot.testScreen()[pri:0, instance:com.uiFrameWork.zone92.projectAutomation.testScripts.TestScreenShot@5d0a1059] output=<a href='D:\automationProject\uiFrameWork\src\main\resources\screenShots\fbSCR_11_12_2018_09_20_31.png'><img src='D:\automationProject\uiFrameWork\src\main\resources\screenShots\fbSCR_11_12_2018_09_20_31.png'height='100' width='100'/></a>]]]>
              </value>
            </param>
          </params>
          <reporter-output>
            <line>
              <![CDATA[<a href='D:\automationProject\uiFrameWork\src\main\resources\screenShots\testScreen_11_12_2018_09_20_32.png'><img src='D:\automationProject\uiFrameWork\src\main\resources\screenShots\testScreen_11_12_2018_09_20_32.png'height='100' width='100'/></a>]]>
            </line>
          </reporter-output>
        </test-method> <!-- afterMethod -->
        <test-method is-config="true" signature="afterTest()[pri:0, instance:com.uiFrameWork.zone92.projectAutomation.testScripts.TestScreenShot@5d0a1059]" started-at="2018-12-11T15:50:33Z" name="afterTest" finished-at="2018-12-11T15:50:34Z" duration-ms="1149" status="PASS">
          <reporter-output>
          </reporter-output>
        </test-method> <!-- afterTest -->
      </class> <!-- com.uiFrameWork.zone92.projectAutomation.testScripts.TestScreenShot -->
    </test> <!-- Default test -->
  </suite> <!-- Default suite -->
</testng-results>
